[47528:51468:0511/114235.521:WARNING:chrome_main_delegate.cc(745)] This is Chrome version 128.0.6613.138 (not a warning)
[47528:22148:0511/114235.715:ERROR:google_update_settings.cc(265)] Failed opening key Software\Chromium to set usagestats; result: 5
[47528:51468:0511/114235.759:WARNING:account_consistency_mode_manager.cc(77)] Desktop Identity Consistency cannot be enabled as no OAuth client ID and client secret have been configured.
[65000:59992:0511/114244.758:WARNING:frame_impl.cc(430)] virtual CefFrameImpl::SendProcessMessage sent to detached frame 5-FAC4B9FFD00ED45FCC2B61F48E561F66 will be ignored
[56896:27080:0511/131038.680:WARNING:dns_config_service_win.cc(605)] Failed to read DnsConfig.
[47528:22148:0511/131039.506:WARNING:dns_config_service_win.cc(605)] Failed to read DnsConfig.
[47528:44028:0511/150700.862:WARNING:dns_config_service_win.cc(605)] Failed to read DnsConfig.
[56896:17376:0511/150702.369:WARNING:dns_config_service_win.cc(605)] Failed to read DnsConfig.
[47528:22148:0511/205825.469:WARNING:dns_config_service_win.cc(605)] Failed to read DnsConfig.
[56896:53652:0511/205825.675:WARNING:dns_config_service_win.cc(605)] Failed to read DnsConfig.
[47528:51468:0511/205836.639:ERROR:device_event_log_impl.cc(196)] [20:58:36.474] USB: usb_service_win.cc:105 SetupDiGetDeviceProperty({{A45C254E-DF1C-4EFD-8020-67D146A850E0}, 6}) failed: Kan element niet vinden. (0x490)
[47528:51468:0511/211037.592:ERROR:device_event_log_impl.cc(196)] [21:10:37.584] USB: usb_service_win.cc:105 SetupDiGetDeviceProperty({{A45C254E-DF1C-4EFD-8020-67D146A850E0}, 6}) failed: Kan element niet vinden. (0x490)
[47528:51468:0511/221031.009:ERROR:device_event_log_impl.cc(196)] [22:10:30.826] USB: usb_service_win.cc:105 SetupDiGetDeviceProperty({{A45C254E-DF1C-4EFD-8020-67D146A850E0}, 6}) failed: Kan element niet vinden. (0x490)
[47528:51468:0511/221032.532:ERROR:device_event_log_impl.cc(196)] [22:10:32.304] USB: usb_service_win.cc:105 SetupDiGetDeviceProperty({{A45C254E-DF1C-4EFD-8020-67D146A850E0}, 6}) failed: Kan element niet vinden. (0x490)
[47528:51468:0511/221546.661:ERROR:device_event_log_impl.cc(196)] [22:15:46.636] USB: usb_service_win.cc:105 SetupDiGetDeviceProperty({{A45C254E-DF1C-4EFD-8020-67D146A850E0}, 6}) failed: Kan element niet vinden. (0x490)
[47528:51468:0511/222147.472:ERROR:device_event_log_impl.cc(196)] [22:21:47.454] USB: usb_service_win.cc:105 SetupDiGetDeviceProperty({{A45C254E-DF1C-4EFD-8020-67D146A850E0}, 6}) failed: Kan element niet vinden. (0x490)
[47528:51468:0511/222748.424:ERROR:device_event_log_impl.cc(196)] [22:27:48.391] USB: usb_service_win.cc:105 SetupDiGetDeviceProperty({{A45C254E-DF1C-4EFD-8020-67D146A850E0}, 6}) failed: Kan element niet vinden. (0x490)
[47528:51468:0511/223349.371:ERROR:device_event_log_impl.cc(196)] [22:33:49.285] USB: usb_service_win.cc:105 SetupDiGetDeviceProperty({{A45C254E-DF1C-4EFD-8020-67D146A850E0}, 6}) failed: Kan element niet vinden. (0x490)
[47528:51468:0511/223950.198:ERROR:device_event_log_impl.cc(196)] [22:39:50.146] USB: usb_service_win.cc:105 SetupDiGetDeviceProperty({{A45C254E-DF1C-4EFD-8020-67D146A850E0}, 6}) failed: Kan element niet vinden. (0x490)
[47528:51468:0511/231555.577:ERROR:device_event_log_impl.cc(196)] [23:15:55.359] USB: usb_service_win.cc:105 SetupDiGetDeviceProperty({{A45C254E-DF1C-4EFD-8020-67D146A850E0}, 6}) failed: Kan element niet vinden. (0x490)
[47528:51468:0512/001203.885:ERROR:device_event_log_impl.cc(196)] [00:12:03.754] USB: usb_service_win.cc:105 SetupDiGetDeviceProperty({{A45C254E-DF1C-4EFD-8020-67D146A850E0}, 6}) failed: Kan element niet vinden. (0x490)
[47528:51468:0512/010711.994:ERROR:device_event_log_impl.cc(196)] [01:07:11.891] USB: usb_service_win.cc:105 SetupDiGetDeviceProperty({{A45C254E-DF1C-4EFD-8020-67D146A850E0}, 6}) failed: Kan element niet vinden. (0x490)
[47528:51468:0512/011136.749:ERROR:device_event_log_impl.cc(196)] [01:11:36.655] USB: usb_service_win.cc:308 SetupDiEnumDeviceInterfaces: Niet meer gegevens beschikbaar. (0x103)
[47528:51468:0512/011136.749:ERROR:device_event_log_impl.cc(196)] [01:11:36.655] USB: usb_service_win.cc:445 Failed to parse device interface GUID:
[47528:22148:0512/091847.877:WARNING:dns_config_service_win.cc(605)] Failed to read DnsConfig.
[56896:17376:0512/091848.057:WARNING:dns_config_service_win.cc(605)] Failed to read DnsConfig.
[47528:22148:0512/091848.624:WARNING:dns_config_service_win.cc(605)] Failed to read DnsConfig.
[56896:17376:0512/091848.651:WARNING:dns_config_service_win.cc(605)] Failed to read DnsConfig.
[47528:13516:0512/091848.872:WARNING:dns_config_service_win.cc(605)] Failed to read DnsConfig.
[56896:17376:0512/091848.999:WARNING:dns_config_service_win.cc(605)] Failed to read DnsConfig.
[56896:17376:0512/101235.802:WARNING:dns_config_service_win.cc(605)] Failed to read DnsConfig.
[47528:13516:0512/101235.901:WARNING:dns_config_service_win.cc(605)] Failed to read DnsConfig.
[47528:13516:0512/104031.745:WARNING:dns_config_service_win.cc(605)] Failed to read DnsConfig.
[56896:17376:0512/104031.795:WARNING:dns_config_service_win.cc(605)] Failed to read DnsConfig.
[47528:13516:0512/104034.234:WARNING:dns_config_service_win.cc(605)] Failed to read DnsConfig.
[56896:27080:0512/104034.270:WARNING:dns_config_service_win.cc(605)] Failed to read DnsConfig.
[56896:17376:0512/124528.916:WARNING:dns_config_service_win.cc(605)] Failed to read DnsConfig.
[47528:13516:0512/124529.533:WARNING:dns_config_service_win.cc(605)] Failed to read DnsConfig.
[56896:27080:0512/124533.939:WARNING:dns_config_service_win.cc(605)] Failed to read DnsConfig.
[47528:31888:0512/173247.327:ERROR:cast_crl.cc(443)] CRL - Verification failed.
[47528:51468:0512/173258.152:ERROR:device_event_log_impl.cc(196)] [17:32:58.098] USB: usb_service_win.cc:105 SetupDiGetDeviceProperty({{A45C254E-DF1C-4EFD-8020-67D146A850E0}, 6}) failed: Kan element niet vinden. (0x490)
[47528:51468:0512/173326.076:WARNING:pref_notifier_impl.cc(41)] Pref observer for media_router.cast_allow_all_ips found at shutdown.
